This is pdfTeX, Version 3.141592653-2.6-1.40.22 (TeX Live 2021) (preloaded format=pdflatex 2021.11.30)  3 OCT 2022 22:50
entering extended mode
 \write18 enabled.
 file:line:error style messages enabled.
 %&-line parsing enabled.
**manual.tex
(./manual.tex
LaTeX2e <2020-10-01> patch level 4
L3 programming layer <2021-05-07>
(/usr/share/texlive/texmf-dist/tex/latex/base/article.cls
Document Class: article 2020/04/10 v1.4m Standard LaTeX document class
(/usr/share/texlive/texmf-dist/tex/latex/base/size12.clo
File: size12.clo 2020/04/10 v1.4m Standard LaTeX file (size option)
)
\c@part=\count179
\c@section=\count180
\c@subsection=\count181
\c@subsubsection=\count182
\c@paragraph=\count183
\c@subparagraph=\count184
\c@figure=\count185
\c@table=\count186
\abovecaptionskip=\skip47
\belowcaptionskip=\skip48
\bibindent=\dimen138
)
(/usr/share/texlive/texmf-dist/tex/latex/base/inputenc.sty
Package: inputenc 2020/08/01 v1.3d Input encoding file
\inpenc@prehook=\toks15
\inpenc@posthook=\toks16
)
(/usr/share/texlive/texmf-dist/tex/latex/base/fontenc.sty
Package: fontenc 2020/08/10 v2.0s Standard LaTeX package
)
(/usr/share/texlive/texmf-dist/tex/latex/graphics/graphicx.sty
Package: graphicx 2020/09/09 v1.2b Enhanced LaTeX Graphics (DPC,SPQR)

(/usr/share/texlive/texmf-dist/tex/latex/graphics/keyval.sty
Package: keyval 2014/10/28 v1.15 key=value parser (DPC)
\KV@toks@=\toks17
)
(/usr/share/texlive/texmf-dist/tex/latex/graphics/graphics.sty
Package: graphics 2020/08/30 v1.4c Standard LaTeX Graphics (DPC,SPQR)

(/usr/share/texlive/texmf-dist/tex/latex/graphics/trig.sty
Package: trig 2016/01/03 v1.10 sin cos tan (DPC)
)
(/usr/share/texlive/texmf-dist/tex/latex/graphics-cfg/graphics.cfg
File: graphics.cfg 2016/06/04 v1.11 sample graphics configuration
)
Package graphics Info: Driver file: pdftex.def on input line 105.

(/usr/share/texlive/texmf-dist/tex/latex/graphics-def/pdftex.def
File: pdftex.def 2020/10/05 v1.2a Graphics/color driver for pdftex
))
\Gin@req@height=\dimen139
\Gin@req@width=\dimen140
)
(/usr/share/texlive/texmf-dist/tex/latex/tools/longtable.sty
Package: longtable 2020/01/07 v4.13 Multi-page Table package (DPC)
\LTleft=\skip49
\LTright=\skip50
\LTpre=\skip51
\LTpost=\skip52
\LTchunksize=\count187
\LTcapwidth=\dimen141
\LT@head=\box47
\LT@firsthead=\box48
\LT@foot=\box49
\LT@lastfoot=\box50
\LT@cols=\count188
\LT@rows=\count189
\c@LT@tables=\count190
\c@LT@chunks=\count191
\LT@p@ftn=\toks18
)
(/usr/share/texlive/texmf-dist/tex/latex/wrapfig/wrapfig.sty
\wrapoverhang=\dimen142
\WF@size=\dimen143
\c@WF@wrappedlines=\count192
\WF@box=\box51
\WF@everypar=\toks19
Package: wrapfig 2003/01/31  v 3.6
)
(/usr/share/texlive/texmf-dist/tex/latex/graphics/rotating.sty
Package: rotating 2016/08/11 v2.16d rotated objects in LaTeX

(/usr/share/texlive/texmf-dist/tex/latex/base/ifthen.sty
Package: ifthen 2014/09/29 v1.1c Standard LaTeX ifthen package (DPC)
)
\c@r@tfl@t=\count193
\rotFPtop=\skip53
\rotFPbot=\skip54
\rot@float@box=\box52
\rot@mess@toks=\toks20
)
(/usr/share/texlive/texmf-dist/tex/generic/ulem/ulem.sty
\UL@box=\box53
\UL@hyphenbox=\box54
\UL@skip=\skip55
\UL@hook=\toks21
\UL@height=\dimen144
\UL@pe=\count194
\UL@pixel=\dimen145
\ULC@box=\box55
Package: ulem 2019/11/18
\ULdepth=\dimen146
)
(/usr/share/texlive/texmf-dist/tex/latex/amsmath/amsmath.sty
Package: amsmath 2020/09/23 v2.17i AMS math features
\@mathmargin=\skip56

For additional information on amsmath, use the `?' option.
(/usr/share/texlive/texmf-dist/tex/latex/amsmath/amstext.sty
Package: amstext 2000/06/29 v2.01 AMS text

(/usr/share/texlive/texmf-dist/tex/latex/amsmath/amsgen.sty
File: amsgen.sty 1999/11/30 v2.0 generic functions
\@emptytoks=\toks22
\ex@=\dimen147
))
(/usr/share/texlive/texmf-dist/tex/latex/amsmath/amsbsy.sty
Package: amsbsy 1999/11/29 v1.2d Bold Symbols
\pmbraise@=\dimen148
)
(/usr/share/texlive/texmf-dist/tex/latex/amsmath/amsopn.sty
Package: amsopn 2016/03/08 v2.02 operator names
)
\inf@bad=\count195
LaTeX Info: Redefining \frac on input line 234.
\uproot@=\count196
\leftroot@=\count197
LaTeX Info: Redefining \overline on input line 399.
\classnum@=\count198
\DOTSCASE@=\count199
LaTeX Info: Redefining \ldots on input line 496.
LaTeX Info: Redefining \dots on input line 499.
LaTeX Info: Redefining \cdots on input line 620.
\Mathstrutbox@=\box56
\strutbox@=\box57
\big@size=\dimen149
LaTeX Font Info:    Redeclaring font encoding OML on input line 743.
LaTeX Font Info:    Redeclaring font encoding OMS on input line 744.
\macc@depth=\count266
\c@MaxMatrixCols=\count267
\dotsspace@=\muskip16
\c@parentequation=\count268
\dspbrk@lvl=\count269
\tag@help=\toks23
\row@=\count270
\column@=\count271
\maxfields@=\count272
\andhelp@=\toks24
\eqnshift@=\dimen150
\alignsep@=\dimen151
\tagshift@=\dimen152
\tagwidth@=\dimen153
\totwidth@=\dimen154
\lineht@=\dimen155
\@envbody=\toks25
\multlinegap=\skip57
\multlinetaggap=\skip58
\mathdisplay@stack=\toks26
LaTeX Info: Redefining \[ on input line 2923.
LaTeX Info: Redefining \] on input line 2924.
)
(/usr/share/texlive/texmf-dist/tex/latex/amsfonts/amssymb.sty
Package: amssymb 2013/01/14 v3.01 AMS font symbols

(/usr/share/texlive/texmf-dist/tex/latex/amsfonts/amsfonts.sty
Package: amsfonts 2013/01/14 v3.01 Basic AMSFonts support
\symAMSa=\mathgroup4
\symAMSb=\mathgroup5
LaTeX Font Info:    Redeclaring math symbol \hbar on input line 98.
LaTeX Font Info:    Overwriting math alphabet `\mathfrak' in version `bold'
(Font)                  U/euf/m/n --> U/euf/b/n on input line 106.
))
(/usr/share/texlive/texmf-dist/tex/latex/amscls/amsthm.sty
Package: amsthm 2020/05/29 v2.20.6
\thm@style=\toks27
\thm@bodyfont=\toks28
\thm@headfont=\toks29
\thm@notefont=\toks30
\thm@headpunct=\toks31
\thm@preskip=\skip59
\thm@postskip=\skip60
\thm@headsep=\skip61
\dth@everypar=\toks32
)
(/usr/share/texlive/texmf-dist/tex/latex/capt-of/capt-of.sty
Package: capt-of 2009/12/29 v0.2 standard captions outside of floats
)
(/usr/share/texlive/texmf-dist/tex/latex/hyperref/hyperref.sty
Package: hyperref 2021-02-27 v7.00k Hypertext links for LaTeX

(/usr/share/texlive/texmf-dist/tex/generic/ltxcmds/ltxcmds.sty
Package: ltxcmds 2020-05-10 v1.25 LaTeX kernel commands for general use (HO)
)
(/usr/share/texlive/texmf-dist/tex/generic/iftex/iftex.sty
Package: iftex 2020/03/06 v1.0d TeX engine tests
)
(/usr/share/texlive/texmf-dist/tex/generic/pdftexcmds/pdftexcmds.sty
Package: pdftexcmds 2020-06-27 v0.33 Utility functions of pdfTeX for LuaTeX (HO
)

(/usr/share/texlive/texmf-dist/tex/generic/infwarerr/infwarerr.sty
Package: infwarerr 2019/12/03 v1.5 Providing info/warning/error messages (HO)
)
Package pdftexcmds Info: \pdf@primitive is available.
Package pdftexcmds Info: \pdf@ifprimitive is available.
Package pdftexcmds Info: \pdfdraftmode found.
)
(/usr/share/texlive/texmf-dist/tex/generic/kvsetkeys/kvsetkeys.sty
Package: kvsetkeys 2019/12/15 v1.18 Key value parser (HO)
)
(/usr/share/texlive/texmf-dist/tex/generic/kvdefinekeys/kvdefinekeys.sty
Package: kvdefinekeys 2019-12-19 v1.6 Define keys (HO)
)
(/usr/share/texlive/texmf-dist/tex/generic/pdfescape/pdfescape.sty
Package: pdfescape 2019/12/09 v1.15 Implements pdfTeX's escape features (HO)
)
(/usr/share/texlive/texmf-dist/tex/latex/hycolor/hycolor.sty
Package: hycolor 2020-01-27 v1.10 Color options for hyperref/bookmark (HO)
)
(/usr/share/texlive/texmf-dist/tex/latex/letltxmacro/letltxmacro.sty
Package: letltxmacro 2019/12/03 v1.6 Let assignment for LaTeX macros (HO)
)
(/usr/share/texlive/texmf-dist/tex/latex/auxhook/auxhook.sty
Package: auxhook 2019-12-17 v1.6 Hooks for auxiliary files (HO)
)
(/usr/share/texlive/texmf-dist/tex/latex/kvoptions/kvoptions.sty
Package: kvoptions 2020-10-07 v3.14 Key value format for package options (HO)
)
\@linkdim=\dimen156
\Hy@linkcounter=\count273
\Hy@pagecounter=\count274

(/usr/share/texlive/texmf-dist/tex/latex/hyperref/pd1enc.def
File: pd1enc.def 2021-02-27 v7.00k Hyperref: PDFDocEncoding definition (HO)
Now handling font encoding PD1 ...
... no UTF-8 mapping file for font encoding PD1
)
(/usr/share/texlive/texmf-dist/tex/latex/hyperref/hyperref-langpatches.def
File: hyperref-langpatches.def 2021-02-27 v7.00k Hyperref: patches for babel la
nguages
)
(/usr/share/texlive/texmf-dist/tex/generic/intcalc/intcalc.sty
Package: intcalc 2019/12/15 v1.3 Expandable calculations with integers (HO)
)
(/usr/share/texlive/texmf-dist/tex/generic/etexcmds/etexcmds.sty
Package: etexcmds 2019/12/15 v1.7 Avoid name clashes with e-TeX commands (HO)
)
\Hy@SavedSpaceFactor=\count275

(/usr/share/texlive/texmf-dist/tex/latex/hyperref/puenc.def
File: puenc.def 2021-02-27 v7.00k Hyperref: PDF Unicode definition (HO)
Now handling font encoding PU ...
... no UTF-8 mapping file for font encoding PU
)
Package hyperref Info: Hyper figures OFF on input line 4192.
Package hyperref Info: Link nesting OFF on input line 4197.
Package hyperref Info: Hyper index ON on input line 4200.
Package hyperref Info: Plain pages OFF on input line 4207.
Package hyperref Info: Backreferencing OFF on input line 4212.
Package hyperref Info: Implicit mode ON; LaTeX internals redefined.
Package hyperref Info: Bookmarks ON on input line 4445.
\c@Hy@tempcnt=\count276

(/usr/share/texlive/texmf-dist/tex/latex/url/url.sty
\Urlmuskip=\muskip17
Package: url 2013/09/16  ver 3.4  Verb mode for urls, etc.
)
LaTeX Info: Redefining \url on input line 4804.
\XeTeXLinkMargin=\dimen157

(/usr/share/texlive/texmf-dist/tex/generic/bitset/bitset.sty
Package: bitset 2019/12/09 v1.3 Handle bit-vector datatype (HO)

(/usr/share/texlive/texmf-dist/tex/generic/bigintcalc/bigintcalc.sty
Package: bigintcalc 2019/12/15 v1.5 Expandable calculations on big integers (HO
)
))
\Fld@menulength=\count277
\Field@Width=\dimen158
\Fld@charsize=\dimen159
Package hyperref Info: Hyper figures OFF on input line 6075.
Package hyperref Info: Link nesting OFF on input line 6080.
Package hyperref Info: Hyper index ON on input line 6083.
Package hyperref Info: backreferencing OFF on input line 6090.
Package hyperref Info: Link coloring OFF on input line 6095.
Package hyperref Info: Link coloring with OCG OFF on input line 6100.
Package hyperref Info: PDF/A mode OFF on input line 6105.
LaTeX Info: Redefining \ref on input line 6145.
LaTeX Info: Redefining \pageref on input line 6149.

(/usr/share/texlive/texmf-dist/tex/latex/base/atbegshi-ltx.sty
Package: atbegshi-ltx 2020/08/17 v1.0a Emulation of the original atbegshi packa
ge
with kernel methods
)
\Hy@abspage=\count278
\c@Item=\count279
\c@Hfootnote=\count280
)
Package hyperref Info: Driver (autodetected): hpdftex.

(/usr/share/texlive/texmf-dist/tex/latex/hyperref/hpdftex.def
File: hpdftex.def 2021-02-27 v7.00k Hyperref driver for pdfTeX

(/usr/share/texlive/texmf-dist/tex/latex/base/atveryend-ltx.sty
Package: atveryend-ltx 2020/08/19 v1.0a Emulation of the original atvery packag
e
with kernel methods
)
\Fld@listcount=\count281
\c@bookmark@seq@number=\count282

(/usr/share/texlive/texmf-dist/tex/latex/rerunfilecheck/rerunfilecheck.sty
Package: rerunfilecheck 2019/12/05 v1.9 Rerun checks for auxiliary files (HO)

(/usr/share/texlive/texmf-dist/tex/generic/uniquecounter/uniquecounter.sty
Package: uniquecounter 2019/12/15 v1.4 Provide unlimited unique counter (HO)
)
Package uniquecounter Info: New unique counter `rerunfilecheck' on input line 2
86.
)
\Hy@SectionHShift=\skip62
)
(/usr/share/texlive/texmf-dist/tex/latex/algorithms/algorithm.sty
Package: algorithm 2009/08/24 v0.1 Document Style `algorithm' - floating enviro
nment

(/usr/share/texlive/texmf-dist/tex/latex/float/float.sty
Package: float 2001/11/08 v1.3d Float enhancements (AL)
\c@float@type=\count283
\float@exts=\toks33
\float@box=\box58
\@float@everytoks=\toks34
\@floatcapt=\box59
)
\@float@every@algorithm=\toks35
\c@algorithm=\count284
)
(/usr/share/texlive/texmf-dist/tex/latex/algorithmicx/algpseudocode.sty
Package: algpseudocode 

(/usr/share/texlive/texmf-dist/tex/latex/algorithmicx/algorithmicx.sty
Package: algorithmicx 2005/04/27 v1.2 Algorithmicx

Document Style algorithmicx 1.2 - a greatly improved `algorithmic' style
\c@ALG@line=\count285
\c@ALG@rem=\count286
\c@ALG@nested=\count287
\ALG@tlm=\skip63
\ALG@thistlm=\skip64
\c@ALG@Lnr=\count288
\c@ALG@blocknr=\count289
\c@ALG@storecount=\count290
\c@ALG@tmpcounter=\count291
\ALG@tmplength=\skip65
)
Document Style - pseudocode environments for use with the `algorithmicx' style
) (/usr/share/texlive/texmf-dist/tex/latex/minted/minted.sty
Package: minted 2017/07/19 v2.5 Yet another Pygments shim for LaTeX

(/usr/share/texlive/texmf-dist/tex/latex/fvextra/fvextra.sty
Package: fvextra 2019/02/04 v1.4 fvextra - extensions and patches for fancyvrb

(/usr/share/texlive/texmf-dist/tex/latex/etoolbox/etoolbox.sty
Package: etoolbox 2020/10/05 v2.5k e-TeX tools for LaTeX (JAW)
\etb@tempcnta=\count292
)
(/usr/share/texlive/texmf-dist/tex/latex/fancyvrb/fancyvrb.sty
Package: fancyvrb 2021/01/20 v3.7 verbatim text (tvz,hv)
\FV@CodeLineNo=\count293
\FV@InFile=\read2
\FV@TabBox=\box60
\c@FancyVerbLine=\count294
\FV@StepNumber=\count295
\FV@OutFile=\write3
)
(/usr/share/texlive/texmf-dist/tex/latex/upquote/upquote.sty
Package: upquote 2012/04/19 v1.3 upright-quote and grave-accent glyphs in verba
tim

(/usr/share/texlive/texmf-dist/tex/latex/base/textcomp.sty
Package: textcomp 2020/02/02 v2.0n Standard LaTeX package
))
(/usr/share/texlive/texmf-dist/tex/latex/lineno/lineno.sty
Package: lineno 2005/11/02 line numbers on paragraphs v4.41
\linenopenalty=\count296
\output=\toks36
\linenoprevgraf=\count297
\linenumbersep=\dimen160
\linenumberwidth=\dimen161
\c@linenumber=\count298
\c@pagewiselinenumber=\count299
\c@LN@truepage=\count300
\c@internallinenumber=\count301
\c@internallinenumbers=\count302
\quotelinenumbersep=\dimen162
\bframerule=\dimen163
\bframesep=\dimen164
\bframebox=\box61
LaTeX Info: Redefining \\ on input line 3056.
)
\c@FV@TrueTabGroupLevel=\count303
\c@FV@TrueTabCounter=\count304
\FV@TabBox@Group=\box62
\FV@TmpLength=\skip66
\c@FV@HighlightLinesStart=\count305
\c@FV@HighlightLinesStop=\count306
\FV@LoopCount=\count307
\FV@NCharsBox=\box63
\FV@BreakIndent=\dimen165
\FV@BreakIndentNChars=\count308
\FV@BreakSymbolSepLeft=\dimen166
\FV@BreakSymbolSepLeftNChars=\count309
\FV@BreakSymbolSepRight=\dimen167
\FV@BreakSymbolSepRightNChars=\count310
\FV@BreakSymbolIndentLeft=\dimen168
\FV@BreakSymbolIndentLeftNChars=\count311
\FV@BreakSymbolIndentRight=\dimen169
\FV@BreakSymbolIndentRightNChars=\count312
\c@FancyVerbLineBreakLast=\count313
\FV@LineBox=\box64
\FV@LineIndentBox=\box65
\FV@LineWidth=\dimen170
)
(/usr/share/texlive/texmf-dist/tex/latex/tools/calc.sty
Package: calc 2017/05/25 v4.3 Infix arithmetic (KKT,FJ)
\calc@Acount=\count314
\calc@Bcount=\count315
\calc@Adimen=\dimen171
\calc@Bdimen=\dimen172
\calc@Askip=\skip67
\calc@Bskip=\skip68
LaTeX Info: Redefining \setlength on input line 80.
LaTeX Info: Redefining \addtolength on input line 81.
\calc@Ccount=\count316
\calc@Cskip=\skip69
)
(/usr/share/texlive/texmf-dist/tex/latex/tools/shellesc.sty
Package: shellesc 2019/11/08 v1.0c unified shell escape interface for LaTeX
Package shellesc Info: Unrestricted shell escape enabled on input line 75.
)
(/usr/share/texlive/texmf-dist/tex/latex/ifplatform/ifplatform.sty
Package: ifplatform 2017/10/13 v0.4a Testing for the operating system

(/usr/share/texlive/texmf-dist/tex/generic/catchfile/catchfile.sty
Package: catchfile 2019/12/09 v1.8 Catch the contents of a file (HO)
)
(/usr/share/texlive/texmf-dist/tex/generic/iftex/ifluatex.sty
Package: ifluatex 2019/10/25 v1.5 ifluatex legacy package. Use iftex instead.
)
runsystem(uname -s > "manual.w18")...executed.

 (./manual.w18)
runsystem(rm -- "manual.w18")...executed.

)
(/usr/share/texlive/texmf-dist/tex/generic/xstring/xstring.sty
(/usr/share/texlive/texmf-dist/tex/generic/xstring/xstring.tex
\integerpart=\count317
\decimalpart=\count318
)
Package: xstring 2019/02/06 v1.83 String manipulations (CT)
)
(/usr/share/texlive/texmf-dist/tex/latex/framed/framed.sty
Package: framed 2011/10/22 v 0.96: framed or shaded text with page breaks
\OuterFrameSep=\skip70
\fb@frw=\dimen173
\fb@frh=\dimen174
\FrameRule=\dimen175
\FrameSep=\dimen176
)
\minted@appexistsfile=\read3
\minted@bgbox=\box66
\minted@code=\write4
\c@minted@FancyVerbLineTemp=\count319
\c@minted@pygmentizecounter=\count320
\@float@every@listing=\toks37
\c@listing=\count321
)
runsystem(mkdir -p _minted-manual)...executed.

Package hyperref Info: Option `colorlinks' set `true' on input line 33.

(/usr/share/texlive/texmf-dist/tex/latex/xcolor/xcolor.sty
Package: xcolor 2016/05/11 v2.12 LaTeX color extensions (UK)

(/usr/share/texlive/texmf-dist/tex/latex/graphics-cfg/color.cfg
File: color.cfg 2016/01/02 v1.6 sample color configuration
)
Package xcolor Info: Driver file: pdftex.def on input line 225.
Package xcolor Info: Model `cmy' substituted by `cmy0' on input line 1348.
Package xcolor Info: Model `hsb' substituted by `rgb' on input line 1352.
Package xcolor Info: Model `RGB' extended on input line 1364.
Package xcolor Info: Model `HTML' substituted by `rgb' on input line 1366.
Package xcolor Info: Model `Hsb' substituted by `hsb' on input line 1367.
Package xcolor Info: Model `tHsb' substituted by `hsb' on input line 1368.
Package xcolor Info: Model `HSB' substituted by `hsb' on input line 1369.
Package xcolor Info: Model `Gray' substituted by `gray' on input line 1370.
Package xcolor Info: Model `wave' substituted by `hsb' on input line 1371.
)
runsystem(which pygmentize && touch manual.aex)...executed.

runsystem(rm manual.aex)...executed.


(/usr/share/texlive/texmf-dist/tex/latex/l3backend/l3backend-pdftex.def
File: l3backend-pdftex.def 2021-05-07 L3 backend support: PDF output (pdfTeX)
\l__color_backend_stack_int=\count322
\l__pdf_internal_box=\box67
)
(./manual.aux)
\openout1 = `manual.aux'.

LaTeX Font Info:    Checking defaults for OML/cmm/m/it on input line 34.
LaTeX Font Info:    ... okay on input line 34.
LaTeX Font Info:    Checking defaults for OMS/cmsy/m/n on input line 34.
LaTeX Font Info:    ... okay on input line 34.
LaTeX Font Info:    Checking defaults for OT1/cmr/m/n on input line 34.
LaTeX Font Info:    ... okay on input line 34.
LaTeX Font Info:    Checking defaults for T1/cmr/m/n on input line 34.
LaTeX Font Info:    ... okay on input line 34.
LaTeX Font Info:    Checking defaults for TS1/cmr/m/n on input line 34.
LaTeX Font Info:    ... okay on input line 34.
LaTeX Font Info:    Checking defaults for OMX/cmex/m/n on input line 34.
LaTeX Font Info:    ... okay on input line 34.
LaTeX Font Info:    Checking defaults for U/cmr/m/n on input line 34.
LaTeX Font Info:    ... okay on input line 34.
LaTeX Font Info:    Checking defaults for PD1/pdf/m/n on input line 34.
LaTeX Font Info:    ... okay on input line 34.
LaTeX Font Info:    Checking defaults for PU/pdf/m/n on input line 34.
LaTeX Font Info:    ... okay on input line 34.

(/usr/share/texlive/texmf-dist/tex/context/base/mkii/supp-pdf.mkii
[Loading MPS to PDF converter (version 2006.09.02).]
\scratchcounter=\count323
\scratchdimen=\dimen177
\scratchbox=\box68
\nofMPsegments=\count324
\nofMParguments=\count325
\everyMPshowfont=\toks38
\MPscratchCnt=\count326
\MPscratchDim=\dimen178
\MPnumerator=\count327
\makeMPintoPDFobject=\count328
\everyMPtoPDFconversion=\toks39
) (/usr/share/texlive/texmf-dist/tex/latex/epstopdf-pkg/epstopdf-base.sty
Package: epstopdf-base 2020-01-24 v2.11 Base part for package epstopdf
Package epstopdf-base Info: Redefining graphics rule for `.eps' on input line 4
85.

(/usr/share/texlive/texmf-dist/tex/latex/latexconfig/epstopdf-sys.cfg
File: epstopdf-sys.cfg 2010/07/13 v1.3 Configuration of (r)epstopdf for TeX Liv
e
))
Package hyperref Info: Link coloring ON on input line 34.

(/usr/share/texlive/texmf-dist/tex/latex/hyperref/nameref.sty
Package: nameref 2021-04-02 v2.47 Cross-referencing by name of section

(/usr/share/texlive/texmf-dist/tex/latex/refcount/refcount.sty
Package: refcount 2019/12/15 v3.6 Data extraction from label references (HO)
)
(/usr/share/texlive/texmf-dist/tex/generic/gettitlestring/gettitlestring.sty
Package: gettitlestring 2019/12/15 v1.6 Cleanup title references (HO)
)
\c@section@level=\count329
)
LaTeX Info: Redefining \ref on input line 34.
LaTeX Info: Redefining \pageref on input line 34.
LaTeX Info: Redefining \nameref on input line 34.

(./manual.out) (./manual.out)
\@outlinefile=\write5
\openout5 = `manual.out'.

<figures/Logo_UNAM.png, id=136, 803.0pt x 803.0pt>
File: figures/Logo_UNAM.png Graphic file (type png)
<use figures/Logo_UNAM.png>
Package pdftex.def Info: figures/Logo_UNAM.png  used on input line 38.
(pdftex.def)             Requested size: 139.4121pt x 139.41832pt.
LaTeX Font Info:    Trying to load font information for U+msa on input line 40.


(/usr/share/texlive/texmf-dist/tex/latex/amsfonts/umsa.fd
File: umsa.fd 2013/01/14 v3.01 AMS symbols A
)
LaTeX Font Info:    Trying to load font information for U+msb on input line 40.


(/usr/share/texlive/texmf-dist/tex/latex/amsfonts/umsb.fd
File: umsb.fd 2013/01/14 v3.01 AMS symbols B
)
<figures/Logo_FC.png, id=138, 1204.5pt x 1376.14125pt>
File: figures/Logo_FC.png Graphic file (type png)
<use figures/Logo_FC.png>
Package pdftex.def Info: figures/Logo_FC.png  used on input line 42.
(pdftex.def)             Requested size: 113.80379pt x 139.40703pt.

Overfull \hbox (31.20071pt too wide) in paragraph at lines 37--45
[]$[]$$[]$ 
 []

(./manual.toc [1

{/usr/share/texlive/texmf-var/fonts/map/pdftex/updmap/pdftex.map

pdfTeX warning: pdflatex (file /usr/share/texlive/texmf-var/fonts/map/pdftex/up
dmap/pdftex.map): fontmap entry for `pagd8g' already exists, duplicates ignored



pdfTeX warning: pdflatex (file /usr/share/texlive/texmf-var/fonts/map/pdftex/up
dmap/pdftex.map): fontmap entry for `pagdo8g' already exists, duplicates ignore
d


pdfTeX warning: pdflatex (file /usr/share/texlive/texmf-var/fonts/map/pdftex/up
dmap/pdftex.map): fontmap entry for `pagk8g' already exists, duplicates ignored



pdfTeX warning: pdflatex (file /usr/share/texlive/texmf-var/fonts/map/pdftex/up
dmap/pdftex.map): fontmap entry for `pagko8g' already exists, duplicates ignore
d


pdfTeX warning: pdflatex (file /usr/share/texlive/texmf-var/fonts/map/pdftex/up
dmap/pdftex.map): fontmap entry for `pbkd8g' already exists, duplicates ignored



pdfTeX warning: pdflatex (file /usr/share/texlive/texmf-var/fonts/map/pdftex/up
dmap/pdftex.map): fontmap entry for `pbkdi8g' already exists, duplicates ignore
d


pdfTeX warning: pdflatex (file /usr/share/texlive/texmf-var/fonts/map/pdftex/up
dmap/pdftex.map): fontmap entry for `pbkl8g' already exists, duplicates ignored



pdfTeX warning: pdflatex (file /usr/share/texlive/texmf-var/fonts/map/pdftex/up
dmap/pdftex.map): fontmap entry for `pbkli8g' already exists, duplicates ignore
d


pdfTeX warning: pdflatex (file /usr/share/texlive/texmf-var/fonts/map/pdftex/up
dmap/pdftex.map): fontmap entry for `pcrb8g' already exists, duplicates ignored



pdfTeX warning: pdflatex (file /usr/share/texlive/texmf-var/fonts/map/pdftex/up
dmap/pdftex.map): fontmap entry for `pcrbo8g' already exists, duplicates ignore
d


pdfTeX warning: pdflatex (file /usr/share/texlive/texmf-var/fonts/map/pdftex/up
dmap/pdftex.map): fontmap entry for `pcrr8g' already exists, duplicates ignored



pdfTeX warning: pdflatex (file /usr/share/texlive/texmf-var/fonts/map/pdftex/up
dmap/pdftex.map): invalid entry for `pcrr8rn': SlantFont/ExtendFont can be used
 only with embedded Type1 fonts


pdfTeX warning: pdflatex (file /usr/share/texlive/texmf-var/fonts/map/pdftex/up
dmap/pdftex.map): fontmap entry for `pcrro8g' already exists, duplicates ignore
d


pdfTeX warning: pdflatex (file /usr/share/texlive/texmf-var/fonts/map/pdftex/up
dmap/pdftex.map): fontmap entry for `phvb8g' already exists, duplicates ignored



pdfTeX warning: pdflatex (file /usr/share/texlive/texmf-var/fonts/map/pdftex/up
dmap/pdftex.map): fontmap entry for `phvbo8g' already exists, duplicates ignore
d


pdfTeX warning: pdflatex (file /usr/share/texlive/texmf-var/fonts/map/pdftex/up
dmap/pdftex.map): fontmap entry for `phvr8g' already exists, duplicates ignored



pdfTeX warning: pdflatex (file /usr/share/texlive/texmf-var/fonts/map/pdftex/up
dmap/pdftex.map): fontmap entry for `phvro8g' already exists, duplicates ignore
d


pdfTeX warning: pdflatex (file /usr/share/texlive/texmf-var/fonts/map/pdftex/up
dmap/pdftex.map): fontmap entry for `pncb8g' already exists, duplicates ignored



pdfTeX warning: pdflatex (file /usr/share/texlive/texmf-var/fonts/map/pdftex/up
dmap/pdftex.map): fontmap entry for `pncbi8g' already exists, duplicates ignore
d


pdfTeX warning: pdflatex (file /usr/share/texlive/texmf-var/fonts/map/pdftex/up
dmap/pdftex.map): fontmap entry for `pncr8g' already exists, duplicates ignored



pdfTeX warning: pdflatex (file /usr/share/texlive/texmf-var/fonts/map/pdftex/up
dmap/pdftex.map): fontmap entry for `pncri8g' already exists, duplicates ignore
d


pdfTeX warning: pdflatex (file /usr/share/texlive/texmf-var/fonts/map/pdftex/up
dmap/pdftex.map): fontmap entry for `pplb8g' already exists, duplicates ignored



pdfTeX warning: pdflatex (file /usr/share/texlive/texmf-var/fonts/map/pdftex/up
dmap/pdftex.map): fontmap entry for `pplbi8g' already exists, duplicates ignore
d


pdfTeX warning: pdflatex (file /usr/share/texlive/texmf-var/fonts/map/pdftex/up
dmap/pdftex.map): fontmap entry for `pplr8g' already exists, duplicates ignored



pdfTeX warning: pdflatex (file /usr/share/texlive/texmf-var/fonts/map/pdftex/up
dmap/pdftex.map): fontmap entry for `pplri8g' already exists, duplicates ignore
d


pdfTeX warning: pdflatex (file /usr/share/texlive/texmf-var/fonts/map/pdftex/up
dmap/pdftex.map): fontmap entry for `psyr' already exists, duplicates ignored


pdfTeX warning: pdflatex (file /usr/share/texlive/texmf-var/fonts/map/pdftex/up
dmap/pdftex.map): fontmap entry for `psyrgo' already exists, duplicates ignored



pdfTeX warning: pdflatex (file /usr/share/texlive/texmf-var/fonts/map/pdftex/up
dmap/pdftex.map): fontmap entry for `ptmb8g' already exists, duplicates ignored



pdfTeX warning: pdflatex (file /usr/share/texlive/texmf-var/fonts/map/pdftex/up
dmap/pdftex.map): fontmap entry for `ptmbi8g' already exists, duplicates ignore
d


pdfTeX warning: pdflatex (file /usr/share/texlive/texmf-var/fonts/map/pdftex/up
dmap/pdftex.map): fontmap entry for `ptmr8g' already exists, duplicates ignored



pdfTeX warning: pdflatex (file /usr/share/texlive/texmf-var/fonts/map/pdftex/up
dmap/pdftex.map): fontmap entry for `ptmri8g' already exists, duplicates ignore
d


pdfTeX warning: pdflatex (file /usr/share/texlive/texmf-var/fonts/map/pdftex/up
dmap/pdftex.map): fontmap entry for `pzcmi8g' already exists, duplicates ignore
d


pdfTeX warning: pdflatex (file /usr/share/texlive/texmf-var/fonts/map/pdftex/up
dmap/pdftex.map): fontmap entry for `pzdr' already exists, duplicates ignored


pdfTeX warning: pdflatex (file /usr/share/texlive/texmf-var/fonts/map/pdftex/up
dmap/pdftex.map): fontmap entry for `rpxpplb' already exists, duplicates ignore
d


pdfTeX warning: pdflatex (file /usr/share/texlive/texmf-var/fonts/map/pdftex/up
dmap/pdftex.map): fontmap entry for `rpxpplbi' already exists, duplicates ignor
ed


pdfTeX warning: pdflatex (file /usr/share/texlive/texmf-var/fonts/map/pdftex/up
dmap/pdftex.map): invalid entry for `rpxpplbo': SlantFont/ExtendFont can be use
d only with embedded Type1 fonts


pdfTeX warning: pdflatex (file /usr/share/texlive/texmf-var/fonts/map/pdftex/up
dmap/pdftex.map): fontmap entry for `rpxpplr' already exists, duplicates ignore
d


pdfTeX warning: pdflatex (file /usr/share/texlive/texmf-var/fonts/map/pdftex/up
dmap/pdftex.map): fontmap entry for `rpxpplri' already exists, duplicates ignor
ed


pdfTeX warning: pdflatex (file /usr/share/texlive/texmf-var/fonts/map/pdftex/up
dmap/pdftex.map): invalid entry for `rpxpplro': SlantFont/ExtendFont can be use
d only with embedded Type1 fonts


pdfTeX warning: pdflatex (file /usr/share/texlive/texmf-var/fonts/map/pdftex/up
dmap/pdftex.map): fontmap entry for `rtxphvb' already exists, duplicates ignore
d


pdfTeX warning: pdflatex (file /usr/share/texlive/texmf-var/fonts/map/pdftex/up
dmap/pdftex.map): invalid entry for `rtxphvbo': SlantFont/ExtendFont can be use
d only with embedded Type1 fonts


pdfTeX warning: pdflatex (file /usr/share/texlive/texmf-var/fonts/map/pdftex/up
dmap/pdftex.map): fontmap entry for `rtxphvr' already exists, duplicates ignore
d


pdfTeX warning: pdflatex (file /usr/share/texlive/texmf-var/fonts/map/pdftex/up
dmap/pdftex.map): invalid entry for `rtxphvro': SlantFont/ExtendFont can be use
d only with embedded Type1 fonts


pdfTeX warning: pdflatex (file /usr/share/texlive/texmf-var/fonts/map/pdftex/up
dmap/pdftex.map): fontmap entry for `rtxptmb' already exists, duplicates ignore
d


pdfTeX warning: pdflatex (file /usr/share/texlive/texmf-var/fonts/map/pdftex/up
dmap/pdftex.map): fontmap entry for `rtxptmbi' already exists, duplicates ignor
ed


pdfTeX warning: pdflatex (file /usr/share/texlive/texmf-var/fonts/map/pdftex/up
dmap/pdftex.map): invalid entry for `rtxptmbo': SlantFont/ExtendFont can be use
d only with embedded Type1 fonts


pdfTeX warning: pdflatex (file /usr/share/texlive/texmf-var/fonts/map/pdftex/up
dmap/pdftex.map): fontmap entry for `rtxptmr' already exists, duplicates ignore
d


pdfTeX warning: pdflatex (file /usr/share/texlive/texmf-var/fonts/map/pdftex/up
dmap/pdftex.map): fontmap entry for `rtxptmri' already exists, duplicates ignor
ed


pdfTeX warning: pdflatex (file /usr/share/texlive/texmf-var/fonts/map/pdftex/up
dmap/pdftex.map): invalid entry for `rtxptmro': SlantFont/ExtendFont can be use
d only with embedded Type1 fonts
} <./figures/Logo_UNAM.png> <./figures/Logo_FC.png>])
\tf@toc=\write6
\openout6 = `manual.toc'.

 [2] [3] [4] [5] [6]
[7]
<figures/boceto.jpeg, id=213, 993.7125pt x 1266.7325pt>
File: figures/boceto.jpeg Graphic file (type jpg)
<use figures/boceto.jpeg>
Package pdftex.def Info: figures/boceto.jpeg  used on input line 116.
(pdftex.def)             Requested size: 377.61467pt x 481.36336pt.
 [8pdfTeX warning (ext4): destination with the same identifier (name{figure.1})
 has been already used, duplicate ignored
<argument> ...shipout:D \box_use:N \l_shipout_box 
                                                  
l.119 \newpage
               <./figures/boceto.jpeg>] [9] [10]
\openout3 = `manual.pyg'.


(./_minted-manual/default-pyg-prefix.pygstyle)
(./_minted-manual/pastie.pygstyle)
(./_minted-manual/C62C00ACF815357D4ABF54A10FE4AEEBC296E68E515EECA0679DD4ADD12E8
801.pygtex
LaTeX Font Info:    Trying to load font information for T1+cmtt on input line 1
.
 (/usr/share/texlive/texmf-dist/tex/latex/base/t1cmtt.fd
File: t1cmtt.fd 2019/12/16 v2.5j Standard LaTeX font definitions
)
LaTeX Font Info:    Trying to load font information for TS1+cmtt on input line 
2.

(/usr/share/texlive/texmf-dist/tex/latex/base/ts1cmtt.fd
File: ts1cmtt.fd 2019/12/16 v2.5j Standard LaTeX font definitions
)
LaTeX Font Info:    Font shape `T1/cmtt/bx/n' in size <12> not available
(Font)              Font shape `T1/cmtt/m/n' tried instead on input line 2.
)
<pruebasPy/aeropuerto/hash1.png, id=229, 580.1675pt x 77.28876pt>
File: pruebasPy/aeropuerto/hash1.png Graphic file (type png)
<use pruebasPy/aeropuerto/hash1.png>
Package pdftex.def Info: pruebasPy/aeropuerto/hash1.png  used on input line 192
.
(pdftex.def)             Requested size: 348.10316pt x 46.3736pt.
\openout3 = `manual.pyg'.


(./_minted-manual/0690128655B5EA5ECBF01FB9838C9CA7C296E68E515EECA0679DD4ADD12E8
801.pygtex)
<pruebasPy/aeropuerto/hash2.png, id=230, 1067.99pt x 149.55875pt>
File: pruebasPy/aeropuerto/hash2.png Graphic file (type png)
<use pruebasPy/aeropuerto/hash2.png>
Package pdftex.def Info: pruebasPy/aeropuerto/hash2.png  used on input line 204
.
(pdftex.def)             Requested size: 427.18845pt x 59.82243pt.

Overfull \hbox (37.18845pt too wide) in paragraph at lines 204--205
 [][] 
 []


Overfull \hbox (36.02927pt too wide) in paragraph at lines 207--209
\T1/cmr/m/n/12 aux-il-iar para pro-bar que el for-mato de vuelo sea de la forma
: (string,string,float,float,
 []

[11pdfTeX warning (ext4): destination with the same identifier (name{figure.2})
 has been already used, duplicate ignored
<argument> ...shipout:D \box_use:N \l_shipout_box 
                                                  
l.209 
      pdfTeX warning (ext4): destination with the same identifier (name{figure.
3}) has been already used, duplicate ignored
<argument> ...shipout:D \box_use:N \l_shipout_box 
                                                  
l.209 
       <./pruebasPy/aeropuerto/hash1.png> <./pruebasPy/aeropuerto/hash2.png>]
\openout3 = `manual.pyg'.


(./_minted-manual/71D407CAAD0AE0F9820B2B6F727702EBC296E68E515EECA0679DD4ADD12E8
801.pygtex)
<pruebasPy/archivos/bien.png, id=242, 419.5675pt x 75.28125pt>
File: pruebasPy/archivos/bien.png Graphic file (type png)
<use pruebasPy/archivos/bien.png>
Package pdftex.def Info: pruebasPy/archivos/bien.png  used on input line 218.
(pdftex.def)             Requested size: 335.65445pt x 60.22507pt.
\openout3 = `manual.pyg'.


(./_minted-manual/66BB66994044168717D7CB506407DE2EC296E68E515EECA0679DD4ADD12E8
801.pygtex)
<pruebasPy/archivos/datosMal.png, id=243, 520.94624pt x 155.58125pt>
File: pruebasPy/archivos/datosMal.png Graphic file (type png)
<use pruebasPy/archivos/datosMal.png>
Package pdftex.def Info: pruebasPy/archivos/datosMal.png  used on input line 22
8.
(pdftex.def)             Requested size: 312.57016pt x 93.34946pt.
\openout3 = `manual.pyg'.


(./_minted-manual/0C1E290628D751B63A8079D189373C12C296E68E515EECA0679DD4ADD12E8
801.pygtex [12pdfTeX warning (ext4): destination with the same identifier (name
{figure.4}) has been already used, duplicate ignored
<argument> ...shipout:D \box_use:N \l_shipout_box 
                                                  
l.4 \end{Verbatim}
                  pdfTeX warning (ext4): destination with the same identifier (
name{figure.5}) has been already used, duplicate ignored
<argument> ...shipout:D \box_use:N \l_shipout_box 
                                                  
l.4 \end{Verbatim}
                   <./pruebasPy/archivos/bien.png> <./pruebasPy/archivos/datosM
al.png>])
<pruebasPy/archivos/datosNone.png, id=252, 520.94624pt x 155.58125pt>
File: pruebasPy/archivos/datosNone.png Graphic file (type png)
<use pruebasPy/archivos/datosNone.png>
Package pdftex.def Info: pruebasPy/archivos/datosNone.png  used on input line 2
39.
(pdftex.def)             Requested size: 312.57016pt x 93.34946pt.
<pruebasPy/archivos/datosNulo.png, id=253, 520.94624pt x 155.58125pt>
File: pruebasPy/archivos/datosNulo.png Graphic file (type png)
<use pruebasPy/archivos/datosNulo.png>
Package pdftex.def Info: pruebasPy/archivos/datosNulo.png  used on input line 2
45.
(pdftex.def)             Requested size: 312.57016pt x 93.34946pt.
\openout3 = `manual.pyg'.


(./_minted-manual/6CC6A067D500E27CC6F9EA0A7AC66DA5C296E68E515EECA0679DD4ADD12E8
801.pygtex) [13pdfTeX warning (ext4): destination with the same identifier (nam
e{figure.6}) has been already used, duplicate ignored
<argument> ...shipout:D \box_use:N \l_shipout_box 
                                                  
l.258 \newpage
              pdfTeX warning (ext4): destination with the same identifier (name
{figure.7}) has been already used, duplicate ignored
<argument> ...shipout:D \box_use:N \l_shipout_box 
                                                  
l.258 \newpage
               <./pruebasPy/archivos/datosNone.png> <./pruebasPy/archivos/datos
Nulo.png>]
File: pruebasPy/archivos/bien.png Graphic file (type png)
<use pruebasPy/archivos/bien.png>
Package pdftex.def Info: pruebasPy/archivos/bien.png  used on input line 261.
(pdftex.def)             Requested size: 335.65445pt x 60.22507pt.
\openout3 = `manual.pyg'.


(./_minted-manual/1B38AF04F2A642299F95672C22101191C296E68E515EECA0679DD4ADD12E8
801.pygtex)
<pruebasPy/archivos/destinosNulo.png, id=263, 848.16875pt x 187.70125pt>
File: pruebasPy/archivos/destinosNulo.png Graphic file (type png)
<use pruebasPy/archivos/destinosNulo.png>
Package pdftex.def Info: pruebasPy/archivos/destinosNulo.png  used on input lin
e 273.
(pdftex.def)             Requested size: 339.26149pt x 75.07916pt.
\openout3 = `manual.pyg'.


(./_minted-manual/25A55E59938BA1167EB7CA37F713F6DFC296E68E515EECA0679DD4ADD12E8
801.pygtex)
File: pruebasPy/archivos/bien.png Graphic file (type png)
<use pruebasPy/archivos/bien.png>
Package pdftex.def Info: pruebasPy/archivos/bien.png  used on input line 287.
(pdftex.def)             Requested size: 335.65445pt x 60.22507pt.
\openout3 = `manual.pyg'.


(./_minted-manual/B154F3B58629D9D4102F579C50A629E6C296E68E515EECA0679DD4ADD12E8
801.pygtex [14pdfTeX warning (ext4): destination with the same identifier (name
{figure.8}) has been already used, duplicate ignored
<argument> ...shipout:D \box_use:N \l_shipout_box 
                                                  
l.4 \end{Verbatim}
                  pdfTeX warning (ext4): destination with the same identifier (
name{figure.9}) has been already used, duplicate ignored
<argument> ...shipout:D \box_use:N \l_shipout_box 
                                                  
l.4 \end{Verbatim}
                  pdfTeX warning (ext4): destination with the same identifier (
name{figure.10}) has been already used, duplicate ignored
<argument> ...shipout:D \box_use:N \l_shipout_box 
                                                  
l.4 \end{Verbatim}
                   <./pruebasPy/archivos/destinosNulo.png>])
<pruebasPy/archivos/aeroMal.png, id=272, 848.16875pt x 187.70125pt>
File: pruebasPy/archivos/aeroMal.png Graphic file (type png)
<use pruebasPy/archivos/aeroMal.png>
Package pdftex.def Info: pruebasPy/archivos/aeroMal.png  used on input line 298
.
(pdftex.def)             Requested size: 339.26149pt x 75.07916pt.
\openout3 = `manual.pyg'.


(./_minted-manual/64A68DFC5E21FAB8353E8AA44F69DC13C296E68E515EECA0679DD4ADD12E8
801.pygtex)
<pruebasPy/archivos/leerNone.png, id=273, 848.16875pt x 187.70125pt>
File: pruebasPy/archivos/leerNone.png Graphic file (type png)
<use pruebasPy/archivos/leerNone.png>
Package pdftex.def Info: pruebasPy/archivos/leerNone.png  used on input line 30
9.
(pdftex.def)             Requested size: 339.26149pt x 75.07916pt.
\openout3 = `manual.pyg'.


(./_minted-manual/BE846E9ACCE5AB9D00F76AB16F11E4AEC296E68E515EECA0679DD4ADD12E8
801.pygtex)
<pruebasPy/cache/bien.png, id=274, 621.32124pt x 84.315pt>
File: pruebasPy/cache/bien.png Graphic file (type png)
<use pruebasPy/cache/bien.png>
Package pdftex.def Info: pruebasPy/cache/bien.png  used on input line 327.
(pdftex.def)             Requested size: 372.79562pt x 50.58937pt.


LaTeX Warning: `!h' float specifier changed to `!ht'.

\openout3 = `manual.pyg'.


(./_minted-manual/21AE7FDAE83EB9CFD0C78F3F063BE715C296E68E515EECA0679DD4ADD12E8
801.pygtex [15pdfTeX warning (ext4): destination with the same identifier (name
{figure.11}) has been already used, duplicate ignored
<argument> ...shipout:D \box_use:N \l_shipout_box 
                                                  
l.1 \begin{Verbatim}[commandchars=\\\{\}]
                                         pdfTeX warning (ext4): destination wit
h the same identifier (name{figure.12}) has been already used, duplicate ignore
d
<argument> ...shipout:D \box_use:N \l_shipout_box 
                                                  
l.1 \begin{Verbatim}[commandchars=\\\{\}]
                                          <./pruebasPy/archivos/aeroMal.png> <.
/pruebasPy/archivos/leerNone.png>])
<pruebasPy/cache/refrescaMal.png, id=283, 1075.01625pt x 157.58875pt>
File: pruebasPy/cache/refrescaMal.png Graphic file (type png)
<use pruebasPy/cache/refrescaMal.png>
Package pdftex.def Info: pruebasPy/cache/refrescaMal.png  used on input line 33
9.
(pdftex.def)             Requested size: 429.99889pt x 63.03436pt.

Overfull \hbox (39.99889pt too wide) in paragraph at lines 339--340
 [][] 
 []

\openout3 = `manual.pyg'.


(./_minted-manual/1E6DB577DE50639537E928E9A1AA486AC296E68E515EECA0679DD4ADD12E8
801.pygtex)
<pruebasPy/cache/refrescaApiMal.png, id=284, 1075.01625pt x 157.58875pt>
File: pruebasPy/cache/refrescaApiMal.png Graphic file (type png)
<use pruebasPy/cache/refrescaApiMal.png>
Package pdftex.def Info: pruebasPy/cache/refrescaApiMal.png  used on input line
 351.
(pdftex.def)             Requested size: 429.99889pt x 63.03436pt.

Overfull \hbox (39.99889pt too wide) in paragraph at lines 351--352
 [][] 
 []

[16pdfTeX warning (ext4): destination with the same identifier (name{figure.13}
) has been already used, duplicate ignored
<argument> ...shipout:D \box_use:N \l_shipout_box 
                                                  
l.355 \newpage
              pdfTeX warning (ext4): destination with the same identifier (name
{figure.14}) has been already used, duplicate ignored
<argument> ...shipout:D \box_use:N \l_shipout_box 
                                                  
l.355 \newpage
              pdfTeX warning (ext4): destination with the same identifier (name
{figure.15}) has been already used, duplicate ignored
<argument> ...shipout:D \box_use:N \l_shipout_box 
                                                  
l.355 \newpage
               <./pruebasPy/cache/bien.png> <./pruebasPy/cache/refrescaMal.png>
 <./pruebasPy/cache/refrescaApiMal.png>]
\openout3 = `manual.pyg'.


(./_minted-manual/3A110C2485B292067056040CE8E88375C296E68E515EECA0679DD4ADD12E8
801.pygtex)
File: pruebasPy/cache/bien.png Graphic file (type png)
<use pruebasPy/cache/bien.png>
Package pdftex.def Info: pruebasPy/cache/bien.png  used on input line 369.
(pdftex.def)             Requested size: 434.9219pt x 59.02008pt.

Overfull \hbox (44.9219pt too wide) in paragraph at lines 369--370
 [][] 
 []

\openout3 = `manual.pyg'.


(./_minted-manual/9D1014261546F66BC08A16457296369FC296E68E515EECA0679DD4ADD12E8
801.pygtex)
<pruebasPy/cache/aeroNoEncontrado.png, id=295, 1071.00125pt x 155.58125pt>
File: pruebasPy/cache/aeroNoEncontrado.png Graphic file (type png)
<use pruebasPy/cache/aeroNoEncontrado.png>
Package pdftex.def Info: pruebasPy/cache/aeroNoEncontrado.png  used on input li
ne 384.
(pdftex.def)             Requested size: 428.39291pt x 62.23138pt.

Overfull \hbox (38.39291pt too wide) in paragraph at lines 384--385
 [][] 
 []

[17pdfTeX warning (ext4): destination with the same identifier (name{figure.16}
) has been already used, duplicate ignored
<argument> ...shipout:D \box_use:N \l_shipout_box 
                                                  
l.387    \newpage
                 pdfTeX warning (ext4): destination with the same identifier (n
ame{figure.17}) has been already used, duplicate ignored
<argument> ...shipout:D \box_use:N \l_shipout_box 
                                                  
l.387    \newpage
                  <./pruebasPy/cache/aeroNoEncontrado.png>]
\openout3 = `manual.pyg'.


(./_minted-manual/01AC15FBF89BD8417C0B5BE2DA75F8E2C296E68E515EECA0679DD4ADD12E8
801.pygtex)
<pruebasPy/cache/buscaNone.png, id=303, 1071.00125pt x 155.58125pt>
File: pruebasPy/cache/buscaNone.png Graphic file (type png)
<use pruebasPy/cache/buscaNone.png>
Package pdftex.def Info: pruebasPy/cache/buscaNone.png  used on input line 400.

(pdftex.def)             Requested size: 428.39291pt x 62.23138pt.

Overfull \hbox (38.39291pt too wide) in paragraph at lines 400--401
 [][] 
 []

\openout3 = `manual.pyg'.


(./_minted-manual/08F7F939A055345CBA08AFC7F53CB604C296E68E515EECA0679DD4ADD12E8
801.pygtex) [18pdfTeX warning (ext4): destination with the same identifier (nam
e{figure.18}) has been already used, duplicate ignored
<argument> ...shipout:D \box_use:N \l_shipout_box 
                                                  
l.417     \newpage
                   <./pruebasPy/cache/buscaNone.png>]
File: pruebasPy/cache/bien.png Graphic file (type png)
<use pruebasPy/cache/bien.png>
Package pdftex.def Info: pruebasPy/cache/bien.png  used on input line 421.
(pdftex.def)             Requested size: 372.79562pt x 50.58937pt.
\openout3 = `manual.pyg'.


(./_minted-manual/3771F3D1B08295C6841E54B68776685CC296E68E515EECA0679DD4ADD12E8
801.pygtex)
<pruebasPy/cache/obtenNone.png, id=310, 1041.8925pt x 130.4875pt>
File: pruebasPy/cache/obtenNone.png Graphic file (type png)
<use pruebasPy/cache/obtenNone.png>
Package pdftex.def Info: pruebasPy/cache/obtenNone.png  used on input line 436.

(pdftex.def)             Requested size: 416.74962pt x 52.19406pt.

Overfull \hbox (26.74962pt too wide) in paragraph at lines 436--437
 [][] 
 []

\openout3 = `manual.pyg'.


(./_minted-manual/26608A32207B557A042D3E6FCB67CC54C296E68E515EECA0679DD4ADD12E8
801.pygtex) [19pdfTeX warning (ext4): destination with the same identifier (nam
e{figure.19}) has been already used, duplicate ignored
<argument> ...shipout:D \box_use:N \l_shipout_box 
                                                  
l.449   \newpage
                pdfTeX warning (ext4): destination with the same identifier (na
me{figure.20}) has been already used, duplicate ignored
<argument> ...shipout:D \box_use:N \l_shipout_box 
                                                  
l.449   \newpage
                 <./pruebasPy/cache/obtenNone.png>]
<pruebasPy/cache/obtenInex.png, id=320, 1041.8925pt x 130.4875pt>
File: pruebasPy/cache/obtenInex.png Graphic file (type png)
<use pruebasPy/cache/obtenInex.png>
Package pdftex.def Info: pruebasPy/cache/obtenInex.png  used on input line 452.

(pdftex.def)             Requested size: 416.74962pt x 52.19406pt.

Overfull \hbox (26.74962pt too wide) in paragraph at lines 452--453
 [][] 
 []

\openout3 = `manual.pyg'.


(./_minted-manual/3D612B9465CDA86D05F962755046095DC296E68E515EECA0679DD4ADD12E8
801.pygtex)
<pruebasPy/cache/pideNone.png, id=321, 1075.01625pt x 186.6975pt>
File: pruebasPy/cache/pideNone.png Graphic file (type png)
<use pruebasPy/cache/pideNone.png>
Package pdftex.def Info: pruebasPy/cache/pideNone.png  used on input line 466.
(pdftex.def)             Requested size: 429.99889pt x 74.67767pt.

Overfull \hbox (39.99889pt too wide) in paragraph at lines 466--467
 [][] 
 []

\openout3 = `manual.pyg'.


(./_minted-manual/860A3F7AB4D6B02426B07BA5D64A8773C296E68E515EECA0679DD4ADD12E8
801.pygtex)
<pruebasPy/historial/bien.png, id=322, 618.31pt x 145.54375pt>
File: pruebasPy/historial/bien.png Graphic file (type png)
<use pruebasPy/historial/bien.png>
Package pdftex.def Info: pruebasPy/historial/bien.png  used on input line 479.
(pdftex.def)             Requested size: 432.81404pt x 101.87991pt.

Overfull \hbox (42.81404pt too wide) in paragraph at lines 479--480
 [][] 
 []


LaTeX Warning: `!h' float specifier changed to `!ht'.

[20pdfTeX warning (ext4): destination with the same identifier (name{figure.21}
) has been already used, duplicate ignored
<argument> ...shipout:D \box_use:N \l_shipout_box 
                                                  
l.486 \item R
             evisamos que lo que nos devuelva es una string ya que quiere de...
pdfTeX warning (ext4): destination with the same identifier (name{figure.22}) h
as been already used, duplicate ignored
<argument> ...shipout:D \box_use:N \l_shipout_box 
                                                  
l.486 \item R
             evisamos que lo que nos devuelva es una string ya que quiere de...
 <./pruebasPy/cache/obtenInex.png> <./pruebasPy/cache/pideNone.png>]
\openout3 = `manual.pyg'.


(./_minted-manual/F77D474E3586F8714D10B77B44FB6D5FC296E68E515EECA0679DD4ADD12E8
801.pygtex)
File: pruebasPy/historial/bien.png Graphic file (type png)
<use pruebasPy/historial/bien.png>
Package pdftex.def Info: pruebasPy/historial/bien.png  used on input line 498.
(pdftex.def)             Requested size: 432.81404pt x 101.87991pt.

Overfull \hbox (42.81404pt too wide) in paragraph at lines 498--499
 [][] 
 []

\openout3 = `manual.pyg'.


(./_minted-manual/0D12C5991FAEF7EED4D747177E0B0527C296E68E515EECA0679DD4ADD12E8
801.pygtex [21pdfTeX warning (ext4): destination with the same identifier (name
{figure.23}) has been already used, duplicate ignored
<argument> ...shipout:D \box_use:N \l_shipout_box 
                                                  
l.1 \begin{Verbatim}[commandchars=\\\{\}]
                                         pdfTeX warning (ext4): destination wit
h the same identifier (name{figure.24}) has been already used, duplicate ignore
d
<argument> ...shipout:D \box_use:N \l_shipout_box 
                                                  
l.1 \begin{Verbatim}[commandchars=\\\{\}]
                                          <./pruebasPy/historial/bien.png>])
File: pruebasPy/historial/bien.png Graphic file (type png)
<use pruebasPy/historial/bien.png>
Package pdftex.def Info: pruebasPy/historial/bien.png  used on input line 509.
(pdftex.def)             Requested size: 432.81404pt x 101.87991pt.

Overfull \hbox (42.81404pt too wide) in paragraph at lines 509--510
 [][] 
 []

\openout3 = `manual.pyg'.


(./_minted-manual/A38FD752B9F3913E215ED4636EC61E4AC296E68E515EECA0679DD4ADD12E8
801.pygtex)
<pruebasPy/listaAeropuertos/bien.png, id=338, 652.4375pt x 90.3375pt>
File: pruebasPy/listaAeropuertos/bien.png Graphic file (type png)
<use pruebasPy/listaAeropuertos/bien.png>
Package pdftex.def Info: pruebasPy/listaAeropuertos/bien.png  used on input lin
e 525.
(pdftex.def)             Requested size: 456.70313pt x 63.23581pt.

Overfull \hbox (66.70313pt too wide) in paragraph at lines 525--526
 [][] 
 []

\openout3 = `manual.pyg'.


(./_minted-manual/45F3B80B7B2F63BD622BD54C6EED5336C296E68E515EECA0679DD4ADD12E8
801.pygtex [22pdfTeX warning (ext4): destination with the same identifier (name
{figure.25}) has been already used, duplicate ignored
<argument> ...shipout:D \box_use:N \l_shipout_box 
                                                  
l.4 \end{Verbatim}
                  pdfTeX warning (ext4): destination with the same identifier (
name{figure.26}) has been already used, duplicate ignored
<argument> ...shipout:D \box_use:N \l_shipout_box 
                                                  
l.4 \end{Verbatim}
                   <./pruebasPy/listaAeropuertos/bien.png>])
<pruebasPy/listaAeropuertos/procesaNone.png, id=346, 1134.2375pt x 195.73125pt>

File: pruebasPy/listaAeropuertos/procesaNone.png Graphic file (type png)
<use pruebasPy/listaAeropuertos/procesaNone.png>
Package pdftex.def Info: pruebasPy/listaAeropuertos/procesaNone.png  used on in
put line 536.
(pdftex.def)             Requested size: 453.68697pt x 78.2911pt.

Overfull \hbox (63.68697pt too wide) in paragraph at lines 536--537
 [][] 
 []

\openout3 = `manual.pyg'.


(./_minted-manual/32432E7547621F04DCB876E3DED5F5F4C296E68E515EECA0679DD4ADD12E8
801.pygtex)
File: pruebasPy/listaAeropuertos/bien.png Graphic file (type png)
<use pruebasPy/listaAeropuertos/bien.png>
Package pdftex.def Info: pruebasPy/listaAeropuertos/bien.png  used on input lin
e 550.
(pdftex.def)             Requested size: 456.70313pt x 63.23581pt.

Overfull \hbox (66.70313pt too wide) in paragraph at lines 550--551
 [][] 
 []

\openout3 = `manual.pyg'.


(./_minted-manual/175D7B12D6EB87B8613CDEF0323B9310C296E68E515EECA0679DD4ADD12E8
801.pygtex) [23pdfTeX warning (ext4): destination with the same identifier (nam
e{figure.27}) has been already used, duplicate ignored
<argument> ...shipout:D \box_use:N \l_shipout_box 
                                                  
l.559   \newpage
                pdfTeX warning (ext4): destination with the same identifier (na
me{figure.28}) has been already used, duplicate ignored
<argument> ...shipout:D \box_use:N \l_shipout_box 
                                                  
l.559   \newpage
                 <./pruebasPy/listaAeropuertos/procesaNone.png>]
<pruebasPy/listaAeropuertos/buscaNone.png, id=354, 639.38875pt x 160.6pt>
File: pruebasPy/listaAeropuertos/buscaNone.png Graphic file (type png)
<use pruebasPy/listaAeropuertos/buscaNone.png>
Package pdftex.def Info: pruebasPy/listaAeropuertos/buscaNone.png  used on inpu
t line 562.
(pdftex.def)             Requested size: 447.56906pt x 112.41922pt.

Overfull \hbox (57.56906pt too wide) in paragraph at lines 562--563
 [][] 
 []

\openout3 = `manual.pyg'.


(./_minted-manual/29D20AAED5B98264F2A5C539D8C90E6BC296E68E515EECA0679DD4ADD12E8
801.pygtex)
<pruebasPy/listaAeropuertos/buscaInex.png, id=355, 639.38875pt x 160.6pt>
File: pruebasPy/listaAeropuertos/buscaInex.png Graphic file (type png)
<use pruebasPy/listaAeropuertos/buscaInex.png>
Package pdftex.def Info: pruebasPy/listaAeropuertos/buscaInex.png  used on inpu
t line 573.
(pdftex.def)             Requested size: 447.56906pt x 112.41922pt.

Overfull \hbox (57.56906pt too wide) in paragraph at lines 573--574
 [][] 
 []

\openout3 = `manual.pyg'.


(./_minted-manual/448245CC6BE32D748BBA366FC4307FB3C296E68E515EECA0679DD4ADD12E8
801.pygtex) [24pdfTeX warning (ext4): destination with the same identifier (nam
e{figure.29}) has been already used, duplicate ignored
<argument> ...shipout:D \box_use:N \l_shipout_box 
                                                  
l.584   \newpage
                pdfTeX warning (ext4): destination with the same identifier (na
me{figure.30}) has been already used, duplicate ignored
<argument> ...shipout:D \box_use:N \l_shipout_box 
                                                  
l.584   \newpage
                 <./pruebasPy/listaAeropuertos/buscaNone.png> <./pruebasPy/list
aAeropuertos/buscaInex.png>]
File: pruebasPy/listaAeropuertos/bien.png Graphic file (type png)
<use pruebasPy/listaAeropuertos/bien.png>
Package pdftex.def Info: pruebasPy/listaAeropuertos/bien.png  used on input lin
e 587.
(pdftex.def)             Requested size: 391.46552pt x 54.2029pt.

Overfull \hbox (1.46552pt too wide) in paragraph at lines 587--588
 [][] 
 []

\openout3 = `manual.pyg'.


(./_minted-manual/DC5F0E81973DAFE3007C32EBED14E54EC296E68E515EECA0679DD4ADD12E8
801.pygtex)
<pruebasPy/listaAeropuertos/insertaNone.png, id=364, 626.34pt x 157.58875pt>
File: pruebasPy/listaAeropuertos/insertaNone.png Graphic file (type png)
<use pruebasPy/listaAeropuertos/insertaNone.png>
Package pdftex.def Info: pruebasPy/listaAeropuertos/insertaNone.png  used on in
put line 597.
(pdftex.def)             Requested size: 375.80688pt x 94.55397pt.
\openout3 = `manual.pyg'.


(./_minted-manual/E520D3F5D4A061C5E23623A6639C1183C296E68E515EECA0679DD4ADD12E8
801.pygtex) [25pdfTeX warning (ext4): destination with the same identifier (nam
e{figure.31}) has been already used, duplicate ignored
<argument> ...shipout:D \box_use:N \l_shipout_box 
                                                  
l.610   \newpage
                pdfTeX warning (ext4): destination with the same identifier (na
me{figure.32}) has been already used, duplicate ignored
<argument> ...shipout:D \box_use:N \l_shipout_box 
                                                  
l.610   \newpage
                 <./pruebasPy/listaAeropuertos/insertaNone.png>]
File: pruebasPy/listaAeropuertos/bien.png Graphic file (type png)
<use pruebasPy/listaAeropuertos/bien.png>
Package pdftex.def Info: pruebasPy/listaAeropuertos/bien.png  used on input lin
e 613.
(pdftex.def)             Requested size: 391.46552pt x 54.2029pt.

Overfull \hbox (1.46552pt too wide) in paragraph at lines 613--614
 [][] 
 []

\openout3 = `manual.pyg'.


(./_minted-manual/B78427887913635531CC659FE63D42F3C296E68E515EECA0679DD4ADD12E8
801.pygtex)
File: pruebasPy/listaAeropuertos/buscaNone.png Graphic file (type png)
<use pruebasPy/listaAeropuertos/buscaNone.png>
Package pdftex.def Info: pruebasPy/listaAeropuertos/buscaNone.png  used on inpu
t line 625.
(pdftex.def)             Requested size: 383.6362pt x 96.36073pt.
\openout3 = `manual.pyg'.


(./_minted-manual/E842393A120B6CA9E15053B72CD94545C296E68E515EECA0679DD4ADD12E8
801.pygtex)
<pruebasPy/listaAeropuertos/buscaDvacio.png, id=373, 626.34pt x 157.58875pt>
File: pruebasPy/listaAeropuertos/buscaDvacio.png Graphic file (type png)
<use pruebasPy/listaAeropuertos/buscaDvacio.png>
Package pdftex.def Info: pruebasPy/listaAeropuertos/buscaDvacio.png  used on in
put line 635.
(pdftex.def)             Requested size: 375.80688pt x 94.55397pt.
\openout3 = `manual.pyg'.


(./_minted-manual/12A87643360559C25D60B90A6C097EFAC296E68E515EECA0679DD4ADD12E8
801.pygtex [26pdfTeX warning (ext4): destination with the same identifier (name
{figure.33}) has been already used, duplicate ignored
<argument> ...shipout:D \box_use:N \l_shipout_box 
                                                  
l.1 \begin{Verbatim}[commandchars=\\\{\}]
                                         pdfTeX warning (ext4): destination wit
h the same identifier (name{figure.34}) has been already used, duplicate ignore
d
<argument> ...shipout:D \box_use:N \l_shipout_box 
                                                  
l.1 \begin{Verbatim}[commandchars=\\\{\}]
                                         pdfTeX warning (ext4): destination wit
h the same identifier (name{figure.35}) has been already used, duplicate ignore
d
<argument> ...shipout:D \box_use:N \l_shipout_box 
                                                  
l.1 \begin{Verbatim}[commandchars=\\\{\}]
                                          <./pruebasPy/listaAeropuertos/buscaDV
acio.png>])
File: pruebasPy/listaAeropuertos/bien.png Graphic file (type png)
<use pruebasPy/listaAeropuertos/bien.png>
Package pdftex.def Info: pruebasPy/listaAeropuertos/bien.png  used on input lin
e 646.
(pdftex.def)             Requested size: 391.46552pt x 54.2029pt.

Overfull \hbox (1.46552pt too wide) in paragraph at lines 646--647
 [][] 
 []

\openout3 = `manual.pyg'.


(./_minted-manual/7CD48BA5634D5074BFCB7064325C7653C296E68E515EECA0679DD4ADD12E8
801.pygtex)
File: pruebasPy/listaAeropuertos/bien.png Graphic file (type png)
<use pruebasPy/listaAeropuertos/bien.png>
Package pdftex.def Info: pruebasPy/listaAeropuertos/bien.png  used on input lin
e 657.
(pdftex.def)             Requested size: 391.46552pt x 54.2029pt.

Overfull \hbox (1.46552pt too wide) in paragraph at lines 657--658
 [][] 
 []

[27pdfTeX warning (ext4): destination with the same identifier (name{figure.36}
) has been already used, duplicate ignored
<argument> ...shipout:D \box_use:N \l_shipout_box 
                                                  
l.664 \end{document}
                    pdfTeX warning (ext4): destination with the same identifier
 (name{figure.37}) has been already used, duplicate ignored
<argument> ...shipout:D \box_use:N \l_shipout_box 
                                                  
l.664 \end{document}
                    ] (./manual.aux)
Package rerunfilecheck Info: File `manual.out' has not changed.
(rerunfilecheck)             Checksum: 8DFA1BF0ACA57B391451D052BC22426A;4919.
runsystem(rm manual.pyg)...executed.

 ) 
Here is how much of TeX's memory you used:
 14385 strings out of 479957
 241552 string characters out of 5879162
 574652 words of memory out of 6000000
 31367 multiletter control sequences out of 15000+600000
 415966 words of font info for 58 fonts, out of 8000000 for 9000
 430 hyphenation exceptions out of 8191
 75i,8n,79p,2038b,669s stack positions out of 5000i,500n,10000p,200000b,80000s
{/usr/share/texlive/texmf-dist/fonts/enc/dvips/cm-super/cm-super-ts1.enc}{/us
r/share/texlive/texmf-dist/fonts/enc/dvips/cm-super/cm-super-t1.enc}</usr/share
/texlive/texmf-dist/fonts/type1/public/amsfonts/cm/cmr12.pfb></usr/share/texliv
e/texmf-dist/fonts/type1/public/cm-super/sfbx1200.pfb></usr/share/texlive/texmf
-dist/fonts/type1/public/cm-super/sfbx1440.pfb></usr/share/texlive/texmf-dist/f
onts/type1/public/cm-super/sfbx1728.pfb></usr/share/texlive/texmf-dist/fonts/ty
pe1/public/cm-super/sfcc1200.pfb></usr/share/texlive/texmf-dist/fonts/type1/pub
lic/cm-super/sfrm1000.pfb></usr/share/texlive/texmf-dist/fonts/type1/public/cm-
super/sfrm1200.pfb></usr/share/texlive/texmf-dist/fonts/type1/public/cm-super/s
frm1440.pfb></usr/share/texlive/texmf-dist/fonts/type1/public/cm-super/sfrm2074
.pfb></usr/share/texlive/texmf-dist/fonts/type1/public/cm-super/sftt1200.pfb>
Output written on manual.pdf (27 pages, 1328151 bytes).
PDF statistics:
 449 PDF objects out of 1000 (max. 8388607)
 353 compressed objects within 4 object streams
 99 named destinations out of 1000 (max. 500000)
 400 words of extra memory for PDF output out of 10000 (max. 10000000)

